============================================================
  EXPERIMENT: loo_m25   (exclude motor 3, seed 42)
============================================================

[1/4] Loading training data...
  Base: 39,309 rows, 116 cols
  Combined: 99,407 rows

[2/4] Loading test data...
  Test: 14,157 rows

[3/4] Movement descriptions...

[4/4] Training per motor...
  M1 [histgb] x1  val F1=0.497  thr=0.05 close=True  (pos 3,421/89,609)
  M2 [histgb] x7  LOO F1=0.222  thr=0.4 close=True  (pos 2,356/88,581)
  M3 [histgb] x1  val F1=0.949  thr=0.7 close=False  (pos 4,270/108,625)
  M4 [histgb] x7  val F1=0.691  thr=0.05 close=True  (pos 3,133/94,085)
  M5 [histgb] x7  LOO F1=0.233  thr=0.3 close=False  (pos 5,272/119,119)
  M6 [histgb] x1  val F1=0.888  thr=0.3 close=True  (pos 3,292/83,879)

  Saved: C:\Users\oscar\Desktop\TDS INDUSTRY\pruebas\sub_B_loo_m25.csv   (121s)
  % fault per motor (test):
    M1: 1,577 faults
    M2:   291 faults
    M3:     0 faults  <- EXCLUDED
    M4:   555 faults
    M5:   127 faults
    M6:   182 faults
